<?xml version="1.0" encoding="UTF-8"?>
<!-- Generated by org.testng.reporters.JUnitXMLReporter -->
<testsuite ignored="0" hostname="IT-053-19" failures="1" tests="1" name="Test" time="36.85" errors="0" timestamp="2021-01-26T17:08:39 PKT">
  <testcase classname="configurations.Base_Class" name="@AfterTest teardown" time="0.0">
    <failure type="java.lang.NullPointerException">
      <![CDATA[java.lang.NullPointerException
at configurations.Base_Class.teardown(Base_Class.java:27)
... Removed 24 stack frames]]>
    </failure>
  </testcase> <!-- @AfterTest teardown -->
  <testcase classname="configurations.Login_Verification" name="login" time="0.012">
    <failure type="java.lang.NullPointerException">
      <![CDATA[java.lang.NullPointerException
at configurations.Login_Verification.login(Login_Verification.java:16)
at java.base/java.util.ArrayList.forEach(ArrayList.java:1541)
... Removed 27 stack frames]]>
    </failure>
  </testcase> <!-- login -->
</testsuite> <!-- Test -->
